<?xml version="1.0" encoding="UTF-8"?>
<testsuite name="CredentialsCheckerTest" tests="3" skipped="0" failures="0" errors="0" timestamp="2022-06-05T03:19:04" hostname="MYCOMPUTER" time="0.017">
  <properties/>
  <testcase name="isValidLastName()" classname="CredentialsCheckerTest" time="0.013"/>
  <testcase name="isValidFirstName()" classname="CredentialsCheckerTest" time="0.001"/>
  <testcase name="isValidEmail()" classname="CredentialsCheckerTest" time="0.002"/>
  <system-out><![CDATA[]]></system-out>
  <system-err><![CDATA[]]></system-err>
</testsuite>
